\BOOKMARK [1][-]{section.1}{Introduction}{}% 1
\BOOKMARK [2][-]{subsection.1.1}{Perception of vision}{section.1}% 2
\BOOKMARK [2][-]{subsection.1.2}{Applications}{section.1}% 3
\BOOKMARK [2][-]{subsection.1.3}{The nature of light}{section.1}% 4
\BOOKMARK [3][-]{subsubsection.1.3.1}{Light as EM-waves}{subsection.1.3}% 5
\BOOKMARK [3][-]{subsubsection.1.3.2}{Interactions with matter}{subsection.1.3}% 6
\BOOKMARK [1][-]{section.2}{Image Acquisition}{}% 7
\BOOKMARK [2][-]{subsection.2.1}{Illumination}{section.2}% 8
\BOOKMARK [3][-]{subsubsection.2.1.1}{Back-lighting}{subsection.2.1}% 9
\BOOKMARK [3][-]{subsubsection.2.1.2}{Directional-lighting}{subsection.2.1}% 10
\BOOKMARK [3][-]{subsubsection.2.1.3}{Diffuse-lighting}{subsection.2.1}% 11
\BOOKMARK [3][-]{subsubsection.2.1.4}{Polarized-lighting}{subsection.2.1}% 12
\BOOKMARK [3][-]{subsubsection.2.1.5}{Colored-lighting}{subsection.2.1}% 13
\BOOKMARK [3][-]{subsubsection.2.1.6}{Structures-lighting}{subsection.2.1}% 14
\BOOKMARK [3][-]{subsubsection.2.1.7}{Stroboscopic-lighting}{subsection.2.1}% 15
\BOOKMARK [2][-]{subsection.2.2}{Cameras}{section.2}% 16
\BOOKMARK [3][-]{subsubsection.2.2.1}{Camera models}{subsection.2.2}% 17
\BOOKMARK [3][-]{subsubsection.2.2.2}{Aberrations}{subsection.2.2}% 18
\BOOKMARK [3][-]{subsubsection.2.2.3}{Device technologies}{subsection.2.2}% 19
\BOOKMARK [3][-]{subsubsection.2.2.4}{Color cameras}{subsection.2.2}% 20
\BOOKMARK [3][-]{subsubsection.2.2.5}{Geometric models}{subsection.2.2}% 21
\BOOKMARK [3][-]{subsubsection.2.2.6}{Photometric camera model}{subsection.2.2}% 22
\BOOKMARK [1][-]{section.3}{Feature Extraction}{}% 23
\BOOKMARK [2][-]{subsection.3.1}{Color}{section.3}% 24
\BOOKMARK [3][-]{subsubsection.3.1.1}{Radiometry vs. Photometry}{subsection.3.1}% 25
\BOOKMARK [3][-]{subsubsection.3.1.2}{Perceptual dimensions of color}{subsection.3.1}% 26
\BOOKMARK [3][-]{subsubsection.3.1.3}{Tristimulus model}{subsection.3.1}% 27
\BOOKMARK [2][-]{subsection.3.2}{Texture}{section.3}% 28
